0 info it worked if it ends with ok
1 verbose cli [ '/usr/local/Cellar/node/7.7.1_1/bin/node',
1 verbose cli   '/usr/local/bin/npm',
1 verbose cli   'start' ]
2 info using npm@4.1.2
3 info using node@v7.7.1
4 verbose run-script [ 'prestart', 'start', 'poststart' ]
5 info lifecycle angular2-webpack-starter@5.4.1~prestart: angular2-webpack-starter@5.4.1
6 silly lifecycle angular2-webpack-starter@5.4.1~prestart: no script for prestart, continuing
7 info lifecycle angular2-webpack-starter@5.4.1~start: angular2-webpack-starter@5.4.1
8 verbose lifecycle angular2-webpack-starter@5.4.1~start: unsafe-perm in lifecycle true
9 verbose lifecycle angular2-webpack-starter@5.4.1~start: PATH: /usr/local/lib/node_modules/npm/bin/node-gyp-bin:/Users/tyronecroswell/Documents/unfetter-ui/node_modules/.bin:/usr/local/php5/bin:/usr/local/mysql/bin:/usr/local/bin:/usr/bin:/bin:/usr/sbin:/sbin:/usr/local/php5/bin:/usr/local/mysql/bin:/Users/tyronecroswell/apache-maven-3.3.9/bin:/Users/tyronecroswell/apache-maven-3.3.9/bin
10 verbose lifecycle angular2-webpack-starter@5.4.1~start: CWD: /Users/tyronecroswell/Documents/unfetter-ui
11 silly lifecycle angular2-webpack-starter@5.4.1~start: Args: [ '-c', 'npm run server:dev' ]
12 silly lifecycle angular2-webpack-starter@5.4.1~start: Returned: code: 1  signal: null
13 info lifecycle angular2-webpack-starter@5.4.1~start: Failed to exec start script
14 verbose stack Error: angular2-webpack-starter@5.4.1 start: `npm run server:dev`
14 verbose stack Exit status 1
14 verbose stack     at EventEmitter.<anonymous> (/usr/local/lib/node_modules/npm/lib/utils/lifecycle.js:279:16)
14 verbose stack     at emitTwo (events.js:106:13)
14 verbose stack     at EventEmitter.emit (events.js:194:7)
14 verbose stack     at ChildProcess.<anonymous> (/usr/local/lib/node_modules/npm/lib/utils/spawn.js:40:14)
14 verbose stack     at emitTwo (events.js:106:13)
14 verbose stack     at ChildProcess.emit (events.js:194:7)
14 verbose stack     at maybeClose (internal/child_process.js:899:16)
14 verbose stack     at Process.ChildProcess._handle.onexit (internal/child_process.js:226:5)
15 verbose pkgid angular2-webpack-starter@5.4.1
16 verbose cwd /Users/tyronecroswell/Documents/unfetter-ui
17 error Darwin 15.6.0
18 error argv "/usr/local/Cellar/node/7.7.1_1/bin/node" "/usr/local/bin/npm" "start"
19 error node v7.7.1
20 error npm  v4.1.2
21 error code ELIFECYCLE
22 error angular2-webpack-starter@5.4.1 start: `npm run server:dev`
22 error Exit status 1
23 error Failed at the angular2-webpack-starter@5.4.1 start script 'npm run server:dev'.
23 error Make sure you have the latest version of node.js and npm installed.
23 error If you do, this is most likely a problem with the angular2-webpack-starter package,
23 error not with npm itself.
23 error Tell the author that this fails on your system:
23 error     npm run server:dev
23 error You can get information on how to open an issue for this project with:
23 error     npm bugs angular2-webpack-starter
23 error Or if that isn't available, you can get their info via:
23 error     npm owner ls angular2-webpack-starter
23 error There is likely additional logging output above.
24 verbose exit [ 1, true ]
